\BOOKMARK [1][-]{section.1}{Man in the Middle im Web}{}% 1
\BOOKMARK [2][-]{subsection.1.1}{Aufgabenstellung}{section.1}% 2
\BOOKMARK [2][-]{subsection.1.2}{Bedeutung einer Man-in-the-Middle Attacke}{section.1}% 3
\BOOKMARK [2][-]{subsection.1.3}{Zusammenhang HTTP\(s\) und Zertifikate}{section.1}% 4
\BOOKMARK [2][-]{subsection.1.4}{Sicherheitsl\374cken bei bekannten Computer Herstellern}{section.1}% 5
\BOOKMARK [3][-]{subsubsection.1.4.1}{Lenovo mit potentiellem Risiko}{subsection.1.4}% 6
\BOOKMARK [3][-]{subsubsection.1.4.2}{DELL mit \344hnlichen Fehlern}{subsection.1.4}% 7
\BOOKMARK [2][-]{subsection.1.5}{Schutzm\366glichkeiten}{section.1}% 8
\BOOKMARK [2][-]{subsection.1.6}{Zwischenfazit}{section.1}% 9
\BOOKMARK [1][-]{section.2}{Man-in-the-Middle-Angriffe im geswitchten Netz}{}% 10
\BOOKMARK [2][-]{subsection.2.1}{Switch vs. Hub}{section.2}% 11
\BOOKMARK [3][-]{subsubsection.2.1.1}{Hub}{subsection.2.1}% 12
\BOOKMARK [3][-]{subsubsection.2.1.2}{Switch}{subsection.2.1}% 13
\BOOKMARK [3][-]{subsubsection.2.1.3}{Funktion der Switch-Tabelle}{subsection.2.1}% 14
\BOOKMARK [3][-]{subsubsection.2.1.4}{Was passiert, wenn die Switch-Tabelle \374berl\344uft}{subsection.2.1}% 15
\BOOKMARK [2][-]{subsection.2.2}{Was ist ein geswitchtes Netz?}{section.2}% 16
\BOOKMARK [3][-]{subsubsection.2.2.1}{Mehrere Switches in einem Netzwerk}{subsection.2.2}% 17
\BOOKMARK [2][-]{subsection.2.3}{Angriffsm\366glichkeiten in einem geswitchten Netzwerk}{section.2}% 18
\BOOKMARK [3][-]{subsubsection.2.3.1}{MAC-Flooding}{subsection.2.3}% 19
\BOOKMARK [3][-]{subsubsection.2.3.2}{MAC-Spoofing}{subsection.2.3}% 20
\BOOKMARK [3][-]{subsubsection.2.3.3}{ARP-Spoofing}{subsection.2.3}% 21
\BOOKMARK [2][-]{subsection.2.4}{Theoretisches Beispiel eines Angriffs mit ARP-Spoofing}{section.2}% 22
\BOOKMARK [2][-]{subsection.2.5}{Werkzeug zur Umsetzung eines ARP-Spoofing-Angriffs}{section.2}% 23
\BOOKMARK [2][-]{subsection.2.6}{Schutzma\337nahmen und Kontrolle im Netzwerke}{section.2}% 24
\BOOKMARK [1][-]{section*.6}{Literatur}{}% 25
